<?xml version="1.0" encoding="utf-8"?><testsuites name="pytest tests"><testsuite name="pytest" errors="0" failures="0" skipped="0" tests="12" time="2.309" timestamp="2026-04-30T10:55:45.601382+00:00" hostname="agent-env-bf9a0667-0436-4a60-bb7d-b0c317012137"><testcase classname="backend.tests.test_iter16_unified_editor" name="test_get_hanuman_item" time="0.585" /><testcase classname="backend.tests.test_iter16_unified_editor" name="test_publish_check_returns_checks_array" time="0.055" /><testcase classname="backend.tests.test_iter16_unified_editor" name="test_publish_fresh_item_422" time="0.178" /><testcase classname="backend.tests.test_iter16_unified_editor" name="test_audio_upload_primary_no_sync" time="0.065" /><testcase classname="backend.tests.test_iter16_unified_editor" name="test_audio_upload_primary_with_lrc" time="0.116" /><testcase classname="backend.tests.test_iter16_unified_editor" name="test_audio_upload_primary_with_flat_json" time="0.063" /><testcase classname="backend.tests.test_iter16_unified_editor" name="test_audio_variant_upload_slot1" time="0.066" /><testcase classname="backend.tests.test_iter16_unified_editor" name="test_audio_variant_upload_slot2" time="0.063" /><testcase classname="backend.tests.test_iter16_unified_editor" name="test_audio_variant_invalid_slot" time="0.061" /><testcase classname="backend.tests.test_iter16_unified_editor" name="test_audio_variant_delete" time="0.062" /><testcase classname="backend.tests.test_iter16_unified_editor" name="test_audio_sync_nested" time="0.110" /><testcase classname="backend.tests.test_iter16_unified_editor" name="test_import_wizard_publish_returns_item_ids" time="0.247" /></testsuite></testsuites>