<?xml version="1.0" encoding="utf-8"?><testsuites name="pytest tests"><testsuite name="pytest" errors="0" failures="0" skipped="0" tests="5" time="4.998" timestamp="2026-04-29T13:51:27.575024+00:00" hostname="agent-env-bf9a0667-0436-4a60-bb7d-b0c317012137"><testcase classname="backend.tests.test_iter12_kundli_regression.TestKundliRegression" name="test_generate_kundli" time="3.148" /><testcase classname="backend.tests.test_iter12_kundli_regression.TestKundliRegression" name="test_get_my_kundli" time="0.188" /><testcase classname="backend.tests.test_iter12_kundli_regression.TestKundliRegression" name="test_charts_d1_d9_returns_all_four" time="0.240" /><testcase classname="backend.tests.test_iter12_kundli_regression.TestKundliRegression" name="test_dasha_current" time="0.590" /><testcase classname="backend.tests.test_iter12_kundli_regression.TestTranslationRegression" name="test_translate_languages_endpoint" time="0.107" /></testsuite></testsuites>