<?xml version="1.0" encoding="utf-8"?><testsuites name="pytest tests"><testsuite name="pytest" errors="0" failures="0" skipped="0" tests="14" time="1.140" timestamp="2026-04-29T12:39:12.160996+00:00" hostname="agent-env-bf9a0667-0436-4a60-bb7d-b0c317012137"><testcase classname="backend.tests.test_d7_d10_charts.TestD7Algorithm" name="test_aries_pada0_in_aries" time="0.001" /><testcase classname="backend.tests.test_d7_d10_charts.TestD7Algorithm" name="test_taurus_pada0_in_scorpio" time="0.001" /><testcase classname="backend.tests.test_d7_d10_charts.TestD7Algorithm" name="test_consistency_same_input" time="0.000" /><testcase classname="backend.tests.test_d7_d10_charts.TestD7Algorithm" name="test_range" time="0.001" /><testcase classname="backend.tests.test_d7_d10_charts.TestD7Algorithm" name="test_build_saptamsa_chart_house_formula" time="0.000" /><testcase classname="backend.tests.test_d7_d10_charts.TestD10Algorithm" name="test_aries_pada0_in_aries" time="0.000" /><testcase classname="backend.tests.test_d7_d10_charts.TestD10Algorithm" name="test_taurus_pada0_in_capricorn" time="0.000" /><testcase classname="backend.tests.test_d7_d10_charts.TestD10Algorithm" name="test_consistency_same_input" time="0.000" /><testcase classname="backend.tests.test_d7_d10_charts.TestD10Algorithm" name="test_range" time="0.000" /><testcase classname="backend.tests.test_d7_d10_charts.TestD10Algorithm" name="test_build_dasamsa_chart_house_formula" time="0.001" /><testcase classname="backend.tests.test_d7_d10_charts.TestKundliGenerateD7D10" name="test_d7_chart_in_response" time="0.765" /><testcase classname="backend.tests.test_d7_d10_charts.TestKundliGenerateD7D10" name="test_d10_chart_in_response" time="0.001" /><testcase classname="backend.tests.test_d7_d10_charts.TestChartsD1D9Endpoint" name="test_returns_all_four_charts" time="0.061" /><testcase classname="backend.tests.test_d7_d10_charts.TestChartsD1D9Endpoint" name="test_unauth_returns_401" time="0.125" /></testsuite></testsuites>