<?xml version="1.0" encoding="utf-8"?><testsuites name="pytest tests"><testsuite name="pytest" errors="0" failures="1" skipped="0" tests="12" time="5.567" timestamp="2026-04-28T11:18:40.805847+00:00" hostname="agent-env-bf9a0667-0436-4a60-bb7d-b0c317012137"><testcase classname="backend.tests.test_mobile_endpoints.TestMobilePanchang" name="test_panchang_today_default" time="2.463" /><testcase classname="backend.tests.test_mobile_endpoints.TestMobilePanchang" name="test_panchang_mumbai_differs_from_delhi" time="0.144"><failure message="AssertionError: Expected Mumbai sunrise/sunset to differ from Delhi default. mumbai=06:00/18:30 delhi=06:00/18:30&#10;assert ('06:00' != '06:00' or '18:30' != '18:30')">backend/tests/test_mobile_endpoints.py:64: in test_panchang_mumbai_differs_from_delhi
    assert mumbai["sunrise"] != delhi["sunrise"] or mumbai["sunset"] != delhi["sunset"], \
E   AssertionError: Expected Mumbai sunrise/sunset to differ from Delhi default. mumbai=06:00/18:30 delhi=06:00/18:30
E   assert ('06:00' != '06:00' or '18:30' != '18:30')</failure></testcase><testcase classname="backend.tests.test_mobile_endpoints.TestMantraOfDay" name="test_mantra_of_day" time="0.321" /><testcase classname="backend.tests.test_mobile_endpoints.TestAstrologyRegression" name="test_root" time="0.058" /><testcase classname="backend.tests.test_mobile_endpoints.TestAstrologyRegression" name="test_kundli_my" time="0.527" /><testcase classname="backend.tests.test_mobile_endpoints.TestAstrologyRegression" name="test_dasha_current" time="0.090" /><testcase classname="backend.tests.test_mobile_endpoints.TestAstrologyRegression" name="test_dosha_detect" time="0.124" /><testcase classname="backend.tests.test_mobile_endpoints.TestAstrologyRegression" name="test_charts_d1_d9" time="0.079" /><testcase classname="backend.tests.test_mobile_endpoints.TestAstrologyRegression" name="test_insights_today" time="0.090" /><testcase classname="backend.tests.test_mobile_endpoints.TestAstrologyRegression" name="test_notifications_today" time="0.108" /><testcase classname="backend.tests.test_mobile_endpoints.TestAstrologyRegression" name="test_recommendations_mantra" time="0.088" /><testcase classname="backend.tests.test_mobile_endpoints.TestAstrologyRegression" name="test_kundli_generate" time="0.631" /></testsuite></testsuites>