<?xml version="1.0" encoding="utf-8"?><testsuites name="pytest tests"><testsuite name="pytest" errors="0" failures="0" skipped="0" tests="27" time="3.937" timestamp="2026-04-30T14:49:55.081949+00:00" hostname="agent-env-bf9a0667-0436-4a60-bb7d-b0c317012137"><testcase classname="backend.tests.test_iter20_aarti_per_lang_media.TestAartiAudio" name="test_clean_existing_versions" time="0.908" /><testcase classname="backend.tests.test_iter20_aarti_per_lang_media.TestAartiAudio" name="test_upload_audio_appends_slot1" time="0.059" /><testcase classname="backend.tests.test_iter20_aarti_per_lang_media.TestAartiAudio" name="test_upload_3_more_then_max4" time="0.248" /><testcase classname="backend.tests.test_iter20_aarti_per_lang_media.TestAartiAudio" name="test_replace_existing_slot" time="0.060" /><testcase classname="backend.tests.test_iter20_aarti_per_lang_media.TestAartiAudio" name="test_delete_slot" time="0.072" /><testcase classname="backend.tests.test_iter20_aarti_per_lang_media.TestAartiAudio" name="test_audio_invalid_extension" time="0.059" /><testcase classname="backend.tests.test_iter20_aarti_per_lang_media.TestAartiVideo" name="test_upload_video_mp4" time="0.074" /><testcase classname="backend.tests.test_iter20_aarti_per_lang_media.TestAartiVideo" name="test_upload_video_webm_replaces_extension" time="0.057" /><testcase classname="backend.tests.test_iter20_aarti_per_lang_media.TestAartiVideo" name="test_upload_video_invalid_extension" time="0.058" /><testcase classname="backend.tests.test_iter20_aarti_per_lang_media.TestAartiVideo" name="test_delete_video" time="0.124" /><testcase classname="backend.tests.test_iter20_aarti_per_lang_media.TestAartiThumbnail" name="test_upload_thumbnail_png" time="0.064" /><testcase classname="backend.tests.test_iter20_aarti_per_lang_media.TestAartiThumbnail" name="test_upload_thumbnail_invalid_extension" time="0.063" /><testcase classname="backend.tests.test_iter20_aarti_per_lang_media.TestAartiSync" name="test_upload_valid_nested_sync" time="0.061" /><testcase classname="backend.tests.test_iter20_aarti_per_lang_media.TestAartiSync" name="test_upload_overlapping_sync_rejected" time="0.056" /><testcase classname="backend.tests.test_iter20_aarti_per_lang_media.TestAartiMediaBundle" name="test_get_media_bundle_public" time="0.182" /><testcase classname="backend.tests.test_iter20_aarti_per_lang_media.TestAartiOnlyGuards" name="test_chalisa_rejected_on_audio" time="0.065" /><testcase classname="backend.tests.test_iter20_aarti_per_lang_media.TestAartiOnlyGuards" name="test_unsupported_lang_audio" time="0.057" /><testcase classname="backend.tests.test_iter20_aarti_per_lang_media.TestAartiOnlyGuards" name="test_unsupported_lang_video" time="0.055" /><testcase classname="backend.tests.test_iter20_aarti_per_lang_media.TestAartiOnlyGuards" name="test_unsupported_lang_thumbnail" time="0.053" /><testcase classname="backend.tests.test_iter20_aarti_per_lang_media.TestAartiOnlyGuards" name="test_unsupported_lang_sync" time="0.051" /><testcase classname="backend.tests.test_iter20_aarti_per_lang_media.TestPublishCheck" name="test_aarti_publish_check_has_new_rows" time="0.053" /><testcase classname="backend.tests.test_iter20_aarti_per_lang_media.TestPublishCheck" name="test_chalisa_publish_check_no_regression" time="0.054" /><testcase classname="backend.tests.test_iter20_aarti_per_lang_media.TestPublishCheck" name="test_aarti_publish_blocks_when_lang_missing_media" time="0.114" /><testcase classname="backend.tests.test_iter20_aarti_per_lang_media.TestMobilePreferredLanguage" name="test_update_preferred_language" time="0.617" /><testcase classname="backend.tests.test_iter20_aarti_per_lang_media.TestMobilePreferredLanguage" name="test_get_me_returns_preferred_language" time="0.059" /><testcase classname="backend.tests.test_iter20_aarti_per_lang_media.TestMobilePreferredLanguage" name="test_invalid_language_rejected" time="0.057" /><testcase classname="backend.tests.test_iter20_aarti_per_lang_media" name="test_zz_cleanup_aarti_media" time="0.308" /></testsuite></testsuites>