<?xml version="1.0" encoding="utf-8"?><testsuites name="pytest tests"><testsuite name="pytest" errors="0" failures="0" skipped="0" tests="18" time="10.338" timestamp="2026-04-30T08:33:14.014820+00:00" hostname="agent-env-bf9a0667-0436-4a60-bb7d-b0c317012137"><testcase classname="backend.tests.test_iter15_panchang_dharma_docx.TestPanchang" name="test_all_required_fields_present" time="0.309" /><testcase classname="backend.tests.test_iter15_panchang_dharma_docx.TestPanchang" name="test_raksha_bandhan_2026_07_29" time="0.170" /><testcase classname="backend.tests.test_iter15_panchang_dharma_docx.TestPanchang" name="test_kartik_month_2026_11_08" time="0.214" /><testcase classname="backend.tests.test_iter15_panchang_dharma_docx.TestPanchang" name="test_abhijit_null_on_wednesday" time="0.130" /><testcase classname="backend.tests.test_iter15_panchang_dharma_docx.TestPanchang" name="test_abhijit_non_null_on_non_wednesday" time="0.231" /><testcase classname="backend.tests.test_iter15_panchang_dharma_docx.TestPanchang" name="test_cache_fast_on_repeat" time="0.361" /><testcase classname="backend.tests.test_iter15_panchang_dharma_docx.TestPanchang" name="test_system_toggle_returns_system_field" time="0.385" /><testcase classname="backend.tests.test_iter15_panchang_dharma_docx.TestDharma" name="test_anonymous_returns_cards" time="0.234" /><testcase classname="backend.tests.test_iter15_panchang_dharma_docx.TestDharma" name="test_mobile_user_personalized" time="0.880" /><testcase classname="backend.tests.test_iter15_panchang_dharma_docx.TestDharma" name="test_card_structure" time="0.136" /><testcase classname="backend.tests.test_iter15_panchang_dharma_docx.TestDharma" name="test_dedup_and_sort" time="0.204" /><testcase classname="backend.tests.test_iter15_panchang_dharma_docx.TestDocxImport" name="test_docx_parser_unit" time="1.747" /><testcase classname="backend.tests.test_iter15_panchang_dharma_docx.TestDocxImport" name="test_import_wizard_chalisa" time="3.761" /><testcase classname="backend.tests.test_iter15_panchang_dharma_docx.TestRegression" name="test_mobile_login" time="0.673" /><testcase classname="backend.tests.test_iter15_panchang_dharma_docx.TestRegression" name="test_admin_login_bcrypt_format" time="0.001" /><testcase classname="backend.tests.test_iter15_panchang_dharma_docx.TestRegression" name="test_yogas" time="0.225" /><testcase classname="backend.tests.test_iter15_panchang_dharma_docx.TestRegression" name="test_kundli_my" time="0.142" /><testcase classname="backend.tests.test_iter15_panchang_dharma_docx.TestRegression" name="test_content_audio_endpoint" time="0.196" /></testsuite></testsuites>