<?xml version="1.0" encoding="utf-8"?><testsuites name="pytest tests"><testsuite name="pytest" errors="0" failures="0" skipped="0" tests="13" time="15.991" timestamp="2026-04-28T10:23:05.349264+00:00" hostname="agent-env-bf9a0667-0436-4a60-bb7d-b0c317012137"><testcase classname="backend.tests.test_dasha_dosha_ai.TestKundliExtended" name="test_generate_kundli_returns_extended_data" time="0.839" /><testcase classname="backend.tests.test_dasha_dosha_ai.TestKundliExtended" name="test_current_dasha_mahadasha_saturn_antardasha_venus" time="0.072" /><testcase classname="backend.tests.test_dasha_dosha_ai.TestDoshas" name="test_dosha_detect_returns_three_doshas" time="0.064" /><testcase classname="backend.tests.test_dasha_dosha_ai.TestDoshas" name="test_mangal_dosha_present_for_test_user" time="0.062" /><testcase classname="backend.tests.test_dasha_dosha_ai.TestDoshas" name="test_kaal_sarp_not_present" time="0.067" /><testcase classname="backend.tests.test_dasha_dosha_ai.TestCharts" name="test_charts_d1_d9" time="0.072" /><testcase classname="backend.tests.test_dasha_dosha_ai.TestAIInterpretation" name="test_dasha_interpret_hindi_and_cache" time="0.130" /><testcase classname="backend.tests.test_dasha_dosha_ai.TestAIInterpretation" name="test_dasha_interpret_english" time="9.504" /><testcase classname="backend.tests.test_dasha_dosha_ai.TestAIInterpretation" name="test_dosha_interpret_mangal_hindi" time="4.708" /><testcase classname="backend.tests.test_dasha_dosha_ai.TestAIInterpretation" name="test_dosha_interpret_invalid_type" time="0.068" /><testcase classname="backend.tests.test_dasha_dosha_ai.TestInsights" name="test_insights_today" time="0.071" /><testcase classname="backend.tests.test_dasha_dosha_ai.TestPerformance" name="test_dasha_current_fast" time="0.070" /><testcase classname="backend.tests.test_dasha_dosha_ai.TestPerformance" name="test_dosha_detect_fast" time="0.069" /></testsuite></testsuites>