<?xml version="1.0" encoding="utf-8"?><testsuites name="pytest tests"><testsuite name="pytest" errors="0" failures="0" skipped="0" tests="3" time="2.180" timestamp="2026-04-30T10:56:20.604038+00:00" hostname="agent-env-bf9a0667-0436-4a60-bb7d-b0c317012137"><testcase classname="backend.tests.test_iter17_verse_meanings" name="test_create_and_get_meaning_hi" time="1.468" /><testcase classname="backend.tests.test_iter17_verse_meanings" name="test_update_meaning_idempotent" time="0.113" /><testcase classname="backend.tests.test_iter17_verse_meanings" name="test_create_meaning_en_separate_lang" time="0.111" /></testsuite></testsuites>