<?xml version="1.0" encoding="utf-8"?><testsuites name="pytest tests"><testsuite name="pytest" errors="0" failures="0" skipped="0" tests="12" time="1.698" timestamp="2026-04-30T10:02:27.769550+00:00" hostname="agent-env-bf9a0667-0436-4a60-bb7d-b0c317012137"><testcase classname="backend.tests.test_iter16_unified_editor" name="test_get_hanuman_item" time="0.516" /><testcase classname="backend.tests.test_iter16_unified_editor" name="test_publish_check_returns_checks_array" time="0.051" /><testcase classname="backend.tests.test_iter16_unified_editor" name="test_publish_fresh_item_422" time="0.154" /><testcase classname="backend.tests.test_iter16_unified_editor" name="test_audio_upload_primary_no_sync" time="0.054" /><testcase classname="backend.tests.test_iter16_unified_editor" name="test_audio_upload_primary_with_lrc" time="0.129" /><testcase classname="backend.tests.test_iter16_unified_editor" name="test_audio_upload_primary_with_flat_json" time="0.053" /><testcase classname="backend.tests.test_iter16_unified_editor" name="test_audio_variant_upload_slot1" time="0.051" /><testcase classname="backend.tests.test_iter16_unified_editor" name="test_audio_variant_upload_slot2" time="0.054" /><testcase classname="backend.tests.test_iter16_unified_editor" name="test_audio_variant_invalid_slot" time="0.052" /><testcase classname="backend.tests.test_iter16_unified_editor" name="test_audio_variant_delete" time="0.053" /><testcase classname="backend.tests.test_iter16_unified_editor" name="test_audio_sync_nested" time="0.104" /><testcase classname="backend.tests.test_iter16_unified_editor" name="test_import_wizard_publish_returns_item_ids" time="0.242" /></testsuite></testsuites>