<?xml version="1.0" encoding="utf-8"?><testsuites name="pytest tests"><testsuite name="pytest" errors="0" failures="1" skipped="0" tests="8" time="1.749" timestamp="2026-04-30T11:16:03.318036+00:00" hostname="agent-env-bf9a0667-0436-4a60-bb7d-b0c317012137"><testcase classname="tests.test_iter18_bhakti_collection_resolver" name="test_get_aarti_item_from_bhakti_items" time="0.636" /><testcase classname="tests.test_iter18_bhakti_collection_resolver" name="test_get_aarti_verses_returns_200" time="0.058" /><testcase classname="tests.test_iter18_bhakti_collection_resolver" name="test_publish_check_aarti" time="0.143" /><testcase classname="tests.test_iter18_bhakti_collection_resolver" name="test_create_verse_on_aarti_writes_bhakti_verses" time="0.164" /><testcase classname="tests.test_iter18_bhakti_collection_resolver" name="test_update_verse_in_bhakti_verses" time="0.129" /><testcase classname="tests.test_iter18_bhakti_collection_resolver" name="test_patch_publish_bare_bhakti_item_returns_422" time="0.191" /><testcase classname="tests.test_iter18_bhakti_collection_resolver" name="test_audio_upload_persisted_on_bhakti_items" time="0.074"><failure message="AssertionError: audio upload failed: 422 {&quot;detail&quot;:[{&quot;type&quot;:&quot;missing&quot;,&quot;loc&quot;:[&quot;body&quot;,&quot;audio&quot;],&quot;msg&quot;:&quot;Field required&quot;,&quot;input&quot;:null,&quot;url&quot;:&quot;https://errors.pydantic.dev/2.12/v/missing&quot;}]}&#10;assert 422 in (200, 201)&#10; +  where 422 = &lt;Response [422]&gt;.status_code">tests/test_iter18_bhakti_collection_resolver.py:184: in test_audio_upload_persisted_on_bhakti_items
    assert r.status_code in (200, 201), f"audio upload failed: {r.status_code} {r.text}"
E   AssertionError: audio upload failed: 422 {"detail":[{"type":"missing","loc":["body","audio"],"msg":"Field required","input":null,"url":"https://errors.pydantic.dev/2.12/v/missing"}]}
E   assert 422 in (200, 201)
E    +  where 422 = &lt;Response [422]&gt;.status_code</failure></testcase><testcase classname="tests.test_iter18_bhakti_collection_resolver" name="test_chalisa_unchanged" time="0.125" /></testsuite></testsuites>