<?xml version="1.0" encoding="utf-8"?><testsuites name="pytest tests"><testsuite name="pytest" errors="0" failures="0" skipped="0" tests="14" time="2.998" timestamp="2026-04-30T15:48:12.384875+00:00" hostname="agent-env-bf9a0667-0436-4a60-bb7d-b0c317012137"><testcase classname="backend.tests.test_iter21_mobile_aarti_lang.TestAartiItemMetadata" name="test_get_item_returns_aarti_category" time="0.293" /><testcase classname="backend.tests.test_iter21_mobile_aarti_lang.TestAartiItemMetadata" name="test_get_item_unknown_404" time="0.128" /><testcase classname="backend.tests.test_iter21_mobile_aarti_lang.TestPerLangMediaBundle" name="test_hi_bundle_has_thumbnail_and_sync" time="0.172" /><testcase classname="backend.tests.test_iter21_mobile_aarti_lang.TestPerLangMediaBundle" name="test_mr_bundle_empty_for_fallback" time="0.170" /><testcase classname="backend.tests.test_iter21_mobile_aarti_lang.TestPerLangMediaBundle" name="test_media_bundle_is_public_no_auth_header" time="0.133" /><testcase classname="backend.tests.test_iter21_mobile_aarti_lang.TestMobilePreferredLanguage" name="test_signup_default_preferred_language" time="0.493" /><testcase classname="backend.tests.test_iter21_mobile_aarti_lang.TestMobilePreferredLanguage" name="test_update_to_en_persists" time="0.062" /><testcase classname="backend.tests.test_iter21_mobile_aarti_lang.TestMobilePreferredLanguage" name="test_get_me_after_update_reflects_en" time="0.054" /><testcase classname="backend.tests.test_iter21_mobile_aarti_lang.TestMobilePreferredLanguage" name="test_update_to_hi_persists" time="0.154" /><testcase classname="backend.tests.test_iter21_mobile_aarti_lang.TestMobilePreferredLanguage" name="test_invalid_language_rejected_400" time="0.052" /><testcase classname="backend.tests.test_iter21_mobile_aarti_lang.TestMobilePreferredLanguage" name="test_empty_body_rejected_400" time="0.051" /><testcase classname="backend.tests.test_iter21_mobile_aarti_lang.TestMobilePreferredLanguage" name="test_settings_requires_auth" time="0.190" /><testcase classname="backend.tests.test_iter21_mobile_aarti_lang.TestIter20Regression" name="test_publish_check_aarti" time="0.506" /><testcase classname="backend.tests.test_iter21_mobile_aarti_lang.TestIter20Regression" name="test_media_bundle_unsupported_lang_safe" time="0.132" /></testsuite></testsuites>