<?xml version="1.0" encoding="utf-8"?><testsuites name="pytest tests"><testsuite name="pytest" errors="0" failures="0" skipped="0" tests="39" time="23.531" timestamp="2026-04-29T14:52:36.555918+00:00" hostname="agent-env-bf9a0667-0436-4a60-bb7d-b0c317012137"><testcase classname="backend.tests.test_iter14_mobile_auth_yogas_pd.TestMobileSignup" name="test_signup_success_returns_token_and_user" time="1.455" /><testcase classname="backend.tests.test_iter14_mobile_auth_yogas_pd.TestMobileSignup" name="test_signup_duplicate_email_409" time="0.170" /><testcase classname="backend.tests.test_iter14_mobile_auth_yogas_pd.TestMobileSignup" name="test_signup_invalid_email_400" time="0.264" /><testcase classname="backend.tests.test_iter14_mobile_auth_yogas_pd.TestMobileSignup" name="test_signup_short_password_400" time="0.274" /><testcase classname="backend.tests.test_iter14_mobile_auth_yogas_pd.TestMobileSignup" name="test_signup_short_name_400" time="0.264" /><testcase classname="backend.tests.test_iter14_mobile_auth_yogas_pd.TestMobileLogin" name="test_login_valid_creds" time="0.747" /><testcase classname="backend.tests.test_iter14_mobile_auth_yogas_pd.TestMobileLogin" name="test_login_wrong_password_401" time="1.440" /><testcase classname="backend.tests.test_iter14_mobile_auth_yogas_pd.TestMobileLogin" name="test_brute_force_lockout_429" time="8.722" /><testcase classname="backend.tests.test_iter14_mobile_auth_yogas_pd.TestMobileMeAndLogout" name="test_me_with_user_token" time="0.065" /><testcase classname="backend.tests.test_iter14_mobile_auth_yogas_pd.TestMobileMeAndLogout" name="test_me_rejects_admin_token" time="1.253" /><testcase classname="backend.tests.test_iter14_mobile_auth_yogas_pd.TestMobileMeAndLogout" name="test_me_no_token_401" time="0.282" /><testcase classname="backend.tests.test_iter14_mobile_auth_yogas_pd.TestMobileMeAndLogout" name="test_logout_blacklists_token" time="2.426" /><testcase classname="backend.tests.test_iter14_mobile_auth_yogas_pd.TestCrossToken" name="test_admin_token_can_access_admin_me" time="0.199" /><testcase classname="backend.tests.test_iter14_mobile_auth_yogas_pd.TestCrossToken" name="test_user_token_can_call_kundli_generate" time="0.507" /><testcase classname="backend.tests.test_iter14_mobile_auth_yogas_pd.TestCrossToken" name="test_user_token_can_call_kundli_my" time="0.466" /><testcase classname="backend.tests.test_iter14_mobile_auth_yogas_pd.TestCrossToken" name="test_user_token_can_call_charts_d1_d9" time="0.273" /><testcase classname="backend.tests.test_iter14_mobile_auth_yogas_pd.TestCrossToken" name="test_user_token_can_call_dasha_current" time="0.245" /><testcase classname="backend.tests.test_iter14_mobile_auth_yogas_pd.TestCrossToken" name="test_user_token_can_call_yogas" time="0.315" /><testcase classname="backend.tests.test_iter14_mobile_auth_yogas_pd.TestPratyantardasha" name="test_dasha_current_returns_pratyantardasha" time="0.202" /><testcase classname="backend.tests.test_iter14_mobile_auth_yogas_pd.TestPratyantardasha" name="test_pd_window_contains_now" time="0.213" /><testcase classname="backend.tests.test_iter14_mobile_auth_yogas_pd.TestPratyantardasha" name="test_pd_durations_sum_matches_ad_years" time="0.069" /><testcase classname="backend.tests.test_iter14_mobile_auth_yogas_pd.TestPratyantardasha" name="test_pd_starts_with_ad_planet" time="0.233" /><testcase classname="backend.tests.test_iter14_mobile_auth_yogas_pd.TestYogaEngine" name="test_yogas_returns_5_canonical" time="0.215" /><testcase classname="backend.tests.test_iter14_mobile_auth_yogas_pd.TestYogaEngine" name="test_yoga_item_shape" time="0.068" /><testcase classname="backend.tests.test_iter14_mobile_auth_yogas_pd.TestYogaEngine" name="test_yoga_summary_consistency" time="0.192" /><testcase classname="backend.tests.test_iter14_mobile_auth_yogas_pd.TestYogaUnit" name="test_strength_bucket_exalted_promotes" time="0.001" /><testcase classname="backend.tests.test_iter14_mobile_auth_yogas_pd.TestYogaUnit" name="test_strength_bucket_debilitated_demotes" time="0.001" /><testcase classname="backend.tests.test_iter14_mobile_auth_yogas_pd.TestYogaUnit" name="test_planet_status_combust_when_with_sun" time="0.001" /><testcase classname="backend.tests.test_iter14_mobile_auth_yogas_pd.TestYogaUnit" name="test_gaj_kesari_jupiter_kendra_from_moon" time="0.001" /><testcase classname="backend.tests.test_iter14_mobile_auth_yogas_pd.TestYogaUnit" name="test_gaj_kesari_negative_when_jupiter_in_3rd_from_moon" time="0.001" /><testcase classname="backend.tests.test_iter14_mobile_auth_yogas_pd.TestYogaUnit" name="test_chandra_mangal_conjunct" time="0.001" /><testcase classname="backend.tests.test_iter14_mobile_auth_yogas_pd.TestYogaUnit" name="test_chandra_mangal_negative" time="0.001" /><testcase classname="backend.tests.test_iter14_mobile_auth_yogas_pd.TestYogaUnit" name="test_raj_yoga_kendra_trikona_conjunction" time="0.001" /><testcase classname="backend.tests.test_iter14_mobile_auth_yogas_pd.TestYogaUnit" name="test_dhan_yoga_2nd_11th_lord_conjunction" time="0.001" /><testcase classname="backend.tests.test_iter14_mobile_auth_yogas_pd.TestYogaUnit" name="test_neech_bhang_raj_sign_lord_in_kendra" time="0.001" /><testcase classname="backend.tests.test_iter14_mobile_auth_yogas_pd.TestYogaUnit" name="test_detect_all_yogas_canonical_5_with_negatives" time="0.001" /><testcase classname="backend.tests.test_iter14_mobile_auth_yogas_pd.TestAdminRegression" name="test_admin_login" time="0.749" /><testcase classname="backend.tests.test_iter14_mobile_auth_yogas_pd.TestAdminRegression" name="test_admin_charts_d1_d9" time="0.065" /><testcase classname="backend.tests.test_iter14_mobile_auth_yogas_pd.TestAdminRegression" name="test_admin_yogas" time="0.181" /></testsuite></testsuites>