<?xml version="1.0" encoding="utf-8"?><testsuites name="pytest tests"><testsuite name="pytest" errors="0" failures="0" skipped="0" tests="20" time="3.391" timestamp="2026-04-30T11:16:18.757003+00:00" hostname="agent-env-bf9a0667-0436-4a60-bb7d-b0c317012137"><testcase classname="tests.test_iter18_bhakti_collection_resolver" name="test_get_aarti_item_from_bhakti_items" time="0.602" /><testcase classname="tests.test_iter18_bhakti_collection_resolver" name="test_get_aarti_verses_returns_200" time="0.057" /><testcase classname="tests.test_iter18_bhakti_collection_resolver" name="test_publish_check_aarti" time="0.138" /><testcase classname="tests.test_iter18_bhakti_collection_resolver" name="test_create_verse_on_aarti_writes_bhakti_verses" time="0.120" /><testcase classname="tests.test_iter18_bhakti_collection_resolver" name="test_update_verse_in_bhakti_verses" time="0.121" /><testcase classname="tests.test_iter18_bhakti_collection_resolver" name="test_patch_publish_bare_bhakti_item_returns_422" time="0.199" /><testcase classname="tests.test_iter18_bhakti_collection_resolver" name="test_audio_upload_persisted_on_bhakti_items" time="0.124" /><testcase classname="tests.test_iter18_bhakti_collection_resolver" name="test_chalisa_unchanged" time="0.162" /><testcase classname="tests.test_iter16_unified_editor" name="test_get_hanuman_item" time="0.469" /><testcase classname="tests.test_iter16_unified_editor" name="test_publish_check_returns_checks_array" time="0.059" /><testcase classname="tests.test_iter16_unified_editor" name="test_publish_fresh_item_422" time="0.195" /><testcase classname="tests.test_iter16_unified_editor" name="test_audio_upload_primary_no_sync" time="0.083" /><testcase classname="tests.test_iter16_unified_editor" name="test_audio_upload_primary_with_lrc" time="0.132" /><testcase classname="tests.test_iter16_unified_editor" name="test_audio_upload_primary_with_flat_json" time="0.063" /><testcase classname="tests.test_iter16_unified_editor" name="test_audio_variant_upload_slot1" time="0.068" /><testcase classname="tests.test_iter16_unified_editor" name="test_audio_variant_upload_slot2" time="0.065" /><testcase classname="tests.test_iter16_unified_editor" name="test_audio_variant_invalid_slot" time="0.066" /><testcase classname="tests.test_iter16_unified_editor" name="test_audio_variant_delete" time="0.058" /><testcase classname="tests.test_iter16_unified_editor" name="test_audio_sync_nested" time="0.118" /><testcase classname="tests.test_iter16_unified_editor" name="test_import_wizard_publish_returns_item_ids" time="0.249" /></testsuite></testsuites>