<?xml version="1.0" encoding="utf-8"?><testsuites name="pytest tests"><testsuite name="pytest" errors="0" failures="0" skipped="0" tests="24" time="21.455" timestamp="2026-04-29T14:10:10.870514+00:00" hostname="agent-env-bf9a0667-0436-4a60-bb7d-b0c317012137"><testcase classname="backend.tests.test_audio_sync_phase2.TestLrcParser" name="test_basic_two_verses" time="0.001" /><testcase classname="backend.tests.test_audio_sync_phase2.TestLrcParser" name="test_metadata_lines_skipped" time="0.001" /><testcase classname="backend.tests.test_audio_sync_phase2.TestLrcParser" name="test_unsorted_lines_get_sorted" time="0.001" /><testcase classname="backend.tests.test_audio_sync_phase2.TestLrcParser" name="test_empty_input" time="0.001" /><testcase classname="backend.tests.test_audio_sync_phase2.TestJsonParser" name="test_list_form" time="0.025" /><testcase classname="backend.tests.test_audio_sync_phase2.TestJsonParser" name="test_object_form_sync_map_key" time="0.106" /><testcase classname="backend.tests.test_audio_sync_phase2.TestJsonParser" name="test_alternative_start_key" time="0.008" /><testcase classname="backend.tests.test_audio_sync_phase2.TestJsonParser" name="test_missing_start_raises" time="0.002" /><testcase classname="backend.tests.test_audio_sync_phase2.TestJsonParser" name="test_not_a_list_raises" time="0.004" /><testcase classname="backend.tests.test_audio_sync_phase2.TestAudioEndpoints" name="test_get_public_no_auth" time="7.425" /><testcase classname="backend.tests.test_audio_sync_phase2.TestAudioEndpoints" name="test_get_invalid_item_id" time="0.314" /><testcase classname="backend.tests.test_audio_sync_phase2.TestAudioEndpoints" name="test_get_nonexistent_item_returns_empty" time="0.323" /><testcase classname="backend.tests.test_audio_sync_phase2.TestAudioEndpoints" name="test_post_requires_auth" time="0.295" /><testcase classname="backend.tests.test_audio_sync_phase2.TestAudioEndpoints" name="test_upload_lrc_and_verify" time="3.327" /><testcase classname="backend.tests.test_audio_sync_phase2.TestAudioEndpoints" name="test_upload_invalid_extension" time="0.719" /><testcase classname="backend.tests.test_audio_sync_phase2.TestAudioEndpoints" name="test_upload_invalid_item_id" time="1.074" /><testcase classname="backend.tests.test_audio_sync_phase2.TestAudioEndpoints" name="test_upload_nonexistent_item" time="0.936" /><testcase classname="backend.tests.test_audio_sync_phase2.TestAudioEndpoints" name="test_upload_json_sync_object_form" time="1.041" /><testcase classname="backend.tests.test_audio_sync_phase2.TestAudioEndpoints" name="test_delete_audio" time="1.825" /><testcase classname="backend.tests.test_audio_sync_phase2.TestAudioEndpoints" name="test_delete_requires_auth" time="0.528" /><testcase classname="backend.tests.test_audio_sync_phase2.TestRegression" name="test_root_alive" time="0.530" /><testcase classname="backend.tests.test_audio_sync_phase2.TestRegression" name="test_content_items_listing" time="0.406" /><testcase classname="backend.tests.test_audio_sync_phase2.TestRegression" name="test_kundli_endpoint_alive" time="0.751" /><testcase classname="backend.tests.test_audio_sync_phase2.TestZZRestore" name="test_restore_baseline_audio" time="0.606" /></testsuite></testsuites>