<?xml version="1.0" encoding="utf-8"?><testsuites name="pytest tests"><testsuite name="pytest" errors="0" failures="0" skipped="0" tests="24" time="16.784" timestamp="2026-04-30T12:15:36.823500+00:00" hostname="agent-env-bf9a0667-0436-4a60-bb7d-b0c317012137"><testcase classname="backend.tests.test_iter19_bhakti_endpoints_resolver" name="test_put_bhakti_item_updates_content_items" time="7.789" /><testcase classname="backend.tests.test_iter19_bhakti_endpoints_resolver" name="test_patch_status_on_content_items_doc" time="0.210" /><testcase classname="backend.tests.test_iter19_bhakti_endpoints_resolver" name="test_delete_bhakti_item_on_content_items_doc" time="0.270" /><testcase classname="backend.tests.test_iter19_bhakti_endpoints_resolver" name="test_delete_unknown_id_returns_404" time="0.264" /><testcase classname="backend.tests.test_iter18_bhakti_collection_resolver" name="test_get_aarti_item_from_bhakti_items" time="1.737" /><testcase classname="backend.tests.test_iter18_bhakti_collection_resolver" name="test_get_aarti_verses_returns_200" time="0.144" /><testcase classname="backend.tests.test_iter18_bhakti_collection_resolver" name="test_publish_check_aarti" time="0.319" /><testcase classname="backend.tests.test_iter18_bhakti_collection_resolver" name="test_create_verse_on_aarti_writes_bhakti_verses" time="0.297" /><testcase classname="backend.tests.test_iter18_bhakti_collection_resolver" name="test_update_verse_in_bhakti_verses" time="0.255" /><testcase classname="backend.tests.test_iter18_bhakti_collection_resolver" name="test_patch_publish_bare_bhakti_item_returns_422" time="0.391" /><testcase classname="backend.tests.test_iter18_bhakti_collection_resolver" name="test_audio_upload_persisted_on_bhakti_items" time="0.230" /><testcase classname="backend.tests.test_iter18_bhakti_collection_resolver" name="test_chalisa_unchanged" time="0.204" /><testcase classname="backend.tests.test_iter16_unified_editor" name="test_get_hanuman_item" time="1.133" /><testcase classname="backend.tests.test_iter16_unified_editor" name="test_publish_check_returns_checks_array" time="0.116" /><testcase classname="backend.tests.test_iter16_unified_editor" name="test_publish_fresh_item_422" time="0.293" /><testcase classname="backend.tests.test_iter16_unified_editor" name="test_audio_upload_primary_no_sync" time="0.096" /><testcase classname="backend.tests.test_iter16_unified_editor" name="test_audio_upload_primary_with_lrc" time="0.183" /><testcase classname="backend.tests.test_iter16_unified_editor" name="test_audio_upload_primary_with_flat_json" time="0.111" /><testcase classname="backend.tests.test_iter16_unified_editor" name="test_audio_variant_upload_slot1" time="0.095" /><testcase classname="backend.tests.test_iter16_unified_editor" name="test_audio_variant_upload_slot2" time="0.100" /><testcase classname="backend.tests.test_iter16_unified_editor" name="test_audio_variant_invalid_slot" time="0.134" /><testcase classname="backend.tests.test_iter16_unified_editor" name="test_audio_variant_delete" time="0.099" /><testcase classname="backend.tests.test_iter16_unified_editor" name="test_audio_sync_nested" time="0.195" /><testcase classname="backend.tests.test_iter16_unified_editor" name="test_import_wizard_publish_returns_item_ids" time="0.439" /></testsuite></testsuites>