<?xml version="1.0" encoding="utf-8"?><testsuites name="pytest tests"><testsuite name="pytest" errors="0" failures="0" skipped="0" tests="5" time="0.908" timestamp="2026-04-28T12:55:24.300682+00:00" hostname="agent-env-bf9a0667-0436-4a60-bb7d-b0c317012137"><testcase classname="backend.tests.test_granth_vedas.TestGranthEndpoints" name="test_granth_books_returns_three" time="0.202" /><testcase classname="backend.tests.test_granth_vedas.TestGranthEndpoints" name="test_granth_hierarchy_first_book" time="0.140" /><testcase classname="backend.tests.test_granth_vedas.TestGranthEndpoints" name="test_granth_chapter_verses" time="0.200" /><testcase classname="backend.tests.test_granth_vedas.TestVedasEndpoints" name="test_vedas_books_returns_four" time="0.059" /><testcase classname="backend.tests.test_granth_vedas.TestVedasEndpoints" name="test_vedas_hierarchy_first" time="0.116" /></testsuite></testsuites>