<?xml version="1.0" encoding="utf-8"?><testsuites name="pytest tests"><testsuite name="pytest" errors="0" failures="0" skipped="0" tests="11" time="21.560" timestamp="2026-04-29T12:11:47.185119+00:00" hostname="agent-env-bf9a0667-0436-4a60-bb7d-b0c317012137"><testcase classname="backend.tests.test_translation.TestAuth" name="test_unauth_translate_text_401" time="0.331" /><testcase classname="backend.tests.test_translation.TestAuth" name="test_unauth_languages_401" time="0.240" /><testcase classname="backend.tests.test_translation.TestAuth" name="test_unauth_drafts_get_401" time="0.175" /><testcase classname="backend.tests.test_translation.TestLanguages" name="test_languages_list" time="0.860" /><testcase classname="backend.tests.test_translation.TestTranslateText" name="test_translate_text_hi_to_multi" time="9.413" /><testcase classname="backend.tests.test_translation.TestVerseDrafts" name="test_translate_verse_saves_draft" time="4.270" /><testcase classname="backend.tests.test_translation.TestVerseDrafts" name="test_update_draft_marks_manual" time="0.068" /><testcase classname="backend.tests.test_translation.TestVerseDrafts" name="test_publish_draft_moves_to_live" time="0.191" /><testcase classname="backend.tests.test_translation.TestVerseDrafts" name="test_delete_draft" time="5.220" /><testcase classname="backend.tests.test_translation.TestValidation" name="test_unsupported_language_update" time="0.057" /><testcase classname="backend.tests.test_translation.TestValidation" name="test_publish_missing_draft_404" time="0.066" /></testsuite></testsuites>