<?xml version="1.0" encoding="utf-8"?><testsuites name="pytest tests"><testsuite name="pytest" errors="0" failures="0" skipped="0" tests="15" time="2.147" timestamp="2026-04-28T11:23:51.222761+00:00" hostname="agent-env-bf9a0667-0436-4a60-bb7d-b0c317012137"><testcase classname="backend.tests.test_mobile_endpoints.TestMobilePanchang" name="test_panchang_today_default" time="0.285" /><testcase classname="backend.tests.test_mobile_endpoints.TestMobilePanchang" name="test_panchang_today_not_estimated" time="0.060" /><testcase classname="backend.tests.test_mobile_endpoints.TestMobilePanchang" name="test_panchang_mumbai_differs_from_delhi" time="0.122" /><testcase classname="backend.tests.test_mobile_endpoints.TestMobilePanchang" name="test_panchang_chennai_differs_from_delhi" time="0.116" /><testcase classname="backend.tests.test_mobile_endpoints.TestMobilePanchang" name="test_rahu_kaal_varies_per_location" time="0.173" /><testcase classname="backend.tests.test_mobile_endpoints.TestMantraOfDay" name="test_mantra_of_day" time="0.059" /><testcase classname="backend.tests.test_mobile_endpoints.TestAstrologyRegression" name="test_root" time="0.059" /><testcase classname="backend.tests.test_mobile_endpoints.TestAstrologyRegression" name="test_kundli_my" time="0.409" /><testcase classname="backend.tests.test_mobile_endpoints.TestAstrologyRegression" name="test_dasha_current" time="0.071" /><testcase classname="backend.tests.test_mobile_endpoints.TestAstrologyRegression" name="test_dosha_detect" time="0.070" /><testcase classname="backend.tests.test_mobile_endpoints.TestAstrologyRegression" name="test_charts_d1_d9" time="0.066" /><testcase classname="backend.tests.test_mobile_endpoints.TestAstrologyRegression" name="test_insights_today" time="0.073" /><testcase classname="backend.tests.test_mobile_endpoints.TestAstrologyRegression" name="test_notifications_today" time="0.067" /><testcase classname="backend.tests.test_mobile_endpoints.TestAstrologyRegression" name="test_recommendations_mantra" time="0.066" /><testcase classname="backend.tests.test_mobile_endpoints.TestAstrologyRegression" name="test_kundli_generate" time="0.188" /></testsuite></testsuites>