<?xml version="1.0" encoding="utf-8"?><testsuites name="pytest tests"><testsuite name="pytest" errors="0" failures="0" skipped="0" tests="8" time="1.708" timestamp="2026-04-28T08:34:12.747318+00:00" hostname="agent-env-bf9a0667-0436-4a60-bb7d-b0c317012137"><testcase classname="backend.tests.test_graha_kundli.TestKundli" name="test_generate_kundli" time="1.156" /><testcase classname="backend.tests.test_graha_kundli.TestKundli" name="test_my_kundli" time="0.055" /><testcase classname="backend.tests.test_graha_kundli.TestKundli" name="test_graha_score_recompute" time="0.055" /><testcase classname="backend.tests.test_graha_kundli.TestRecommendations" name="test_mantra_recommendations" time="0.071" /><testcase classname="backend.tests.test_graha_kundli.TestRecommendations" name="test_all_mantras" time="0.057" /><testcase classname="backend.tests.test_graha_kundli.TestNotifications" name="test_today_notifications" time="0.051" /><testcase classname="backend.tests.test_graha_kundli.TestTTS" name="test_tts_providers" time="0.047" /><testcase classname="backend.tests.test_graha_kundli.TestTTS" name="test_tts_synthesize_no_creds_graceful" time="0.058" /></testsuite></testsuites>